<?xml version="1.0" encoding="UTF-8"?>
<testsuite name="org.moditect.jfrunit.demos.spring_jooq.SpringJooqGradleApplicationTests" tests="3" skipped="0" failures="0" errors="0" timestamp="2022-02-11T17:34:13" hostname="Gunnars-Mini.fritz.box" time="10.338">
  <properties/>
  <testcase name="contextLoads()" classname="org.moditect.jfrunit.demos.spring_jooq.SpringJooqGradleApplicationTests" time="2.383"/>
  <testcase name="createUser()" classname="org.moditect.jfrunit.demos.spring_jooq.SpringJooqGradleApplicationTests" time="2.9"/>
  <testcase name="createAndFindUser()" classname="org.moditect.jfrunit.demos.spring_jooq.SpringJooqGradleApplicationTests" time="5.042"/>
  <system-out><![CDATA[18:34:10.305 [Test worker] DEBUG org.springframework.test.context.BootstrapUtils - Instantiating CacheAwareContextLoaderDelegate from class [org.springframework.test.context.cache.DefaultCacheAwareContextLoaderDelegate]
18:34:10.323 [Test worker] DEBUG org.springframework.test.context.BootstrapUtils - Instantiating BootstrapContext using constructor [public org.springframework.test.context.support.DefaultBootstrapContext(java.lang.Class,org.springframework.test.context.CacheAwareContextLoaderDelegate)]
18:34:10.374 [Test worker] DEBUG org.springframework.test.context.BootstrapUtils - Instantiating TestContextBootstrapper for test class [org.moditect.jfrunit.demos.spring_jooq.SpringJooqGradleApplicationTests] from class [org.springframework.boot.test.context.SpringBootTestContextBootstrapper]
18:34:10.386 [Test worker] INFO org.springframework.boot.test.context.SpringBootTestContextBootstrapper - Neither @ContextConfiguration nor @ContextHierarchy found for test class [org.moditect.jfrunit.demos.spring_jooq.SpringJooqGradleApplicationTests], using SpringBootContextLoader
18:34:10.390 [Test worker] DEBUG org.springframework.test.context.support.AbstractContextLoader - Did not detect default resource location for test class [org.moditect.jfrunit.demos.spring_jooq.SpringJooqGradleApplicationTests]: class path resource [org/moditect/jfrunit/demos/spring_jooq/SpringJooqGradleApplicationTests-context.xml] does not exist
18:34:10.391 [Test worker] DEBUG org.springframework.test.context.support.AbstractContextLoader - Did not detect default resource location for test class [org.moditect.jfrunit.demos.spring_jooq.SpringJooqGradleApplicationTests]: class path resource [org/moditect/jfrunit/demos/spring_jooq/SpringJooqGradleApplicationTestsContext.groovy] does not exist
18:34:10.391 [Test worker] INFO org.springframework.test.context.support.AbstractContextLoader - Could not detect default resource locations for test class [org.moditect.jfrunit.demos.spring_jooq.SpringJooqGradleApplicationTests]: no resource found for suffixes {-context.xml, Context.groovy}.
18:34:10.391 [Test worker] INFO org.springframework.test.context.support.AnnotationConfigContextLoaderUtils - Could not detect default configuration classes for test class [org.moditect.jfrunit.demos.spring_jooq.SpringJooqGradleApplicationTests]: SpringJooqGradleApplicationTests does not declare any static, non-private, non-final, nested classes annotated with @Configuration.
18:34:10.445 [Test worker] DEBUG org.springframework.test.context.support.ActiveProfilesUtils - Could not find an 'annotation declaring class' for annotation type [org.springframework.test.context.ActiveProfiles] and class [org.moditect.jfrunit.demos.spring_jooq.SpringJooqGradleApplicationTests]
18:34:10.538 [Test worker] DEBUG org.springframework.context.annotation.ClassPathScanningCandidateComponentProvider - Identified candidate component class: file [/Users/gunnar/Development/moditect/jfrunit-examples/examples/spring-jooq-gradle/build/classes/java/main/org/moditect/jfrunit/demos/spring_jooq/SpringJooqGradleApplication.class]
18:34:10.544 [Test worker] INFO org.springframework.boot.test.context.SpringBootTestContextBootstrapper - Found @SpringBootConfiguration org.moditect.jfrunit.demos.spring_jooq.SpringJooqGradleApplication for test class org.moditect.jfrunit.demos.spring_jooq.SpringJooqGradleApplicationTests
18:34:10.636 [Test worker] DEBUG org.springframework.boot.test.context.SpringBootTestContextBootstrapper - @TestExecutionListeners is not present for class [org.moditect.jfrunit.demos.spring_jooq.SpringJooqGradleApplicationTests]: using defaults.
18:34:10.636 [Test worker] INFO org.springframework.boot.test.context.SpringBootTestContextBootstrapper - Loaded default TestExecutionListener class names from location [META-INF/spring.factories]: [org.springframework.boot.test.autoconfigure.restdocs.RestDocsTestExecutionListener, org.springframework.boot.test.autoconfigure.web.client.MockRestServiceServerResetTestExecutionListener, org.springframework.boot.test.autoconfigure.web.servlet.MockMvcPrintOnlyOnFailureTestExecutionListener, org.springframework.boot.test.autoconfigure.web.servlet.WebDriverTestExecutionListener, org.springframework.boot.test.autoconfigure.webservices.client.MockWebServiceServerTestExecutionListener, org.springframework.boot.test.mock.mockito.MockitoTestExecutionListener, org.springframework.boot.test.mock.mockito.ResetMocksTestExecutionListener, org.springframework.test.context.web.ServletTestExecutionListener, org.springframework.test.context.support.DirtiesContextBeforeModesTestExecutionListener, org.springframework.test.context.event.ApplicationEventsTestExecutionListener, org.springframework.test.context.support.DependencyInjectionTestExecutionListener, org.springframework.test.context.support.DirtiesContextTestExecutionListener, org.springframework.test.context.transaction.TransactionalTestExecutionListener, org.springframework.test.context.jdbc.SqlScriptsTestExecutionListener, org.springframework.test.context.event.EventPublishingTestExecutionListener]
18:34:10.645 [Test worker] DEBUG org.springframework.boot.test.context.SpringBootTestContextBootstrapper - Skipping candidate TestExecutionListener [org.springframework.test.context.web.ServletTestExecutionListener] due to a missing dependency. Specify custom listener classes or make the default listener classes and their required dependencies available. Offending class: [javax/servlet/ServletContext]
18:34:10.652 [Test worker] INFO org.springframework.boot.test.context.SpringBootTestContextBootstrapper - Using TestExecutionListeners: [org.springframework.test.context.support.DirtiesContextBeforeModesTestExecutionListener@63fd4873, org.springframework.test.context.event.ApplicationEventsTestExecutionListener@1e11bc55, org.springframework.boot.test.mock.mockito.MockitoTestExecutionListener@7544a1e4, org.springframework.boot.test.autoconfigure.SpringBootDependencyInjectionTestExecutionListener@70e0accd, org.springframework.test.context.support.DirtiesContextTestExecutionListener@7957dc72, org.springframework.test.context.transaction.TransactionalTestExecutionListener@6ab72419, org.springframework.test.context.jdbc.SqlScriptsTestExecutionListener@3aacf32a, org.springframework.test.context.event.EventPublishingTestExecutionListener@4fdfa676, org.springframework.boot.test.autoconfigure.restdocs.RestDocsTestExecutionListener@82c57b3, org.springframework.boot.test.autoconfigure.web.client.MockRestServiceServerResetTestExecutionListener@5be82d43, org.springframework.boot.test.autoconfigure.web.servlet.MockMvcPrintOnlyOnFailureTestExecutionListener@600b0b7, org.springframework.boot.test.autoconfigure.web.servlet.WebDriverTestExecutionListener@345e5a17, org.springframework.boot.test.autoconfigure.webservices.client.MockWebServiceServerTestExecutionListener@5ea502e0, org.springframework.boot.test.mock.mockito.ResetMocksTestExecutionListener@443dbe42]
18:34:10.654 [Test worker] DEBUG org.springframework.test.context.support.AbstractDirtiesContextTestExecutionListener - Before test class: context [DefaultTestContext@213e3629 testClass = SpringJooqGradleApplicationTests, testInstance = [null], testMethod = [null], testException = [null], mergedContextConfiguration = [MergedContextConfiguration@4e9658b5 testClass = SpringJooqGradleApplicationTests, locations = '{}', classes = '{class org.moditect.jfrunit.demos.spring_jooq.SpringJooqGradleApplication}', contextInitializerClasses = '[]', activeProfiles = '{}', propertySourceLocations = '{}', propertySourceProperties = '{org.springframework.boot.test.context.SpringBootTestContextBootstrapper=true}', contextCustomizers = set[org.springframework.boot.test.autoconfigure.actuate.metrics.MetricsExportContextCustomizerFactory$DisableMetricExportContextCustomizer@5bc9ba1d, org.springframework.boot.test.autoconfigure.properties.PropertyMappingContextCustomizer@0, org.springframework.boot.test.autoconfigure.web.servlet.WebDriverContextCustomizerFactory$Customizer@fb9c7aa, org.springframework.boot.test.context.filter.ExcludeFilterContextCustomizer@60a2630a, org.springframework.boot.test.json.DuplicateJsonObjectContextCustomizerFactory$DuplicateJsonObjectContextCustomizer@40cb698e, org.springframework.boot.test.mock.mockito.MockitoContextCustomizer@0, org.springframework.boot.test.web.client.TestRestTemplateContextCustomizer@65b3a85a, org.springframework.boot.test.context.SpringBootTestArgs@1, org.springframework.boot.test.context.SpringBootTestWebEnvironment@4470fbd6], contextLoader = 'org.springframework.boot.test.context.SpringBootContextLoader', parent = [null]], attributes = map[[empty]]], class annotated with @DirtiesContext [false] with mode [null].
18:34:10.672 [Test worker] DEBUG org.springframework.test.context.support.DependencyInjectionTestExecutionListener - Performing dependency injection for test context [[DefaultTestContext@213e3629 testClass = SpringJooqGradleApplicationTests, testInstance = org.moditect.jfrunit.demos.spring_jooq.SpringJooqGradleApplicationTests@588ab592, testMethod = [null], testException = [null], mergedContextConfiguration = [MergedContextConfiguration@4e9658b5 testClass = SpringJooqGradleApplicationTests, locations = '{}', classes = '{class org.moditect.jfrunit.demos.spring_jooq.SpringJooqGradleApplication}', contextInitializerClasses = '[]', activeProfiles = '{}', propertySourceLocations = '{}', propertySourceProperties = '{org.springframework.boot.test.context.SpringBootTestContextBootstrapper=true}', contextCustomizers = set[org.springframework.boot.test.autoconfigure.actuate.metrics.MetricsExportContextCustomizerFactory$DisableMetricExportContextCustomizer@5bc9ba1d, org.springframework.boot.test.autoconfigure.properties.PropertyMappingContextCustomizer@0, org.springframework.boot.test.autoconfigure.web.servlet.WebDriverContextCustomizerFactory$Customizer@fb9c7aa, org.springframework.boot.test.context.filter.ExcludeFilterContextCustomizer@60a2630a, org.springframework.boot.test.json.DuplicateJsonObjectContextCustomizerFactory$DuplicateJsonObjectContextCustomizer@40cb698e, org.springframework.boot.test.mock.mockito.MockitoContextCustomizer@0, org.springframework.boot.test.web.client.TestRestTemplateContextCustomizer@65b3a85a, org.springframework.boot.test.context.SpringBootTestArgs@1, org.springframework.boot.test.context.SpringBootTestWebEnvironment@4470fbd6], contextLoader = 'org.springframework.boot.test.context.SpringBootContextLoader', parent = [null]], attributes = map['org.springframework.test.context.event.ApplicationEventsTestExecutionListener.recordApplicationEvents' -> false]]].

  .   ____          _            __ _ _
 /\\ / ___'_ __ _ _(_)_ __  __ _ \ \ \ \
( ( )\___ | '_ | '_| | '_ \/ _` | \ \ \ \
 \\/  ___)| |_)| | | | | || (_| |  ) ) ) )
  '  |____| .__|_| |_|_| |_\__, | / / / /
 =========|_|==============|___/=/_/_/_/
 :: Spring Boot ::                (v2.6.3)

2022-02-11 18:34:11.146  INFO 73412 --- [    Test worker] m.j.d.s.SpringJooqGradleApplicationTests : Starting SpringJooqGradleApplicationTests using Java 17.0.2 on Gunnars-Mini.fritz.box with PID 73412 (started by gunnar in /Users/gunnar/Development/moditect/jfrunit-examples/examples/spring-jooq-gradle)
2022-02-11 18:34:11.148  INFO 73412 --- [    Test worker] m.j.d.s.SpringJooqGradleApplicationTests : No active profile set, falling back to default profiles: default
2022-02-11 18:34:12.426  INFO 73412 --- [    Test worker] com.zaxxer.hikari.HikariDataSource       : HikariPool-1 - Starting...
2022-02-11 18:34:12.526  INFO 73412 --- [    Test worker] com.zaxxer.hikari.HikariDataSource       : HikariPool-1 - Start completed.
2022-02-11 18:34:13.576  INFO 73412 --- [    Test worker] m.j.d.s.SpringJooqGradleApplicationTests : Started SpringJooqGradleApplicationTests in 2.869 seconds (JVM running for 4.845)
2022-02-11 18:34:14.151  INFO 73412 --- [    Test worker] org.moditect.jfrunit.JfrEvents           : Starting recording
2022-02-11 18:34:15.883  INFO 73412 --- [    Test worker] org.moditect.jfrunit.JfrEvents           : Event stream started
2022-02-11 18:34:15.912  INFO 73412 --- [    Test worker] org.moditect.jfrunit.JfrEvents           : Stop recording: /Users/gunnar/Development/moditect/jfrunit-examples/examples/spring-jooq-gradle/build/classes/java/jfrunit/org.moditect.jfrunit.demos.spring_jooq.SpringJooqGradleApplicationTests-contextLoads.jfr
2022-02-11 18:34:15.995  INFO 73412 --- [    Test worker] org.moditect.jfrunit.JfrEvents           : Starting recording
2022-02-11 18:34:16.813  INFO 73412 --- [    Test worker] org.moditect.jfrunit.JfrEvents           : Event stream started
2022-02-11 18:34:16.916  INFO 73412 --- [    Test worker] org.jooq.Constants                       : 
                                      
@@@@@@@@@@@@@@@@@@@@@@@@@@@@@@@@@@@@@@
@@@@@@@@@@@@@@@@@@@@@@@@@@@@@@@@@@@@@@
@@@@@@@@@@@@@@@@  @@        @@@@@@@@@@
@@@@@@@@@@@@@@@@@@@@        @@@@@@@@@@
@@@@@@@@@@@@@@@@  @@  @@    @@@@@@@@@@
@@@@@@@@@@  @@@@  @@  @@    @@@@@@@@@@
@@@@@@@@@@        @@        @@@@@@@@@@
@@@@@@@@@@@@@@@@@@@@@@@@@@@@@@@@@@@@@@
@@@@@@@@@@@@@@@@@@@@@@@@@@@@@@@@@@@@@@
@@@@@@@@@@        @@        @@@@@@@@@@
@@@@@@@@@@    @@  @@  @@@@  @@@@@@@@@@
@@@@@@@@@@    @@  @@  @@@@  @@@@@@@@@@
@@@@@@@@@@        @@  @  @  @@@@@@@@@@
@@@@@@@@@@        @@        @@@@@@@@@@
@@@@@@@@@@@@@@@@@@@@@@@  @@@@@@@@@@@@@
@@@@@@@@@@@@@@@@@@@@@@@@@@@@@@@@@@@@@@
@@@@@@@@@@@@@@@@@@@@@@@@@@@@@@@@@@@@@@  Thank you for using jOOQ 3.14.15
                                      
2022-02-11 18:34:18.848  INFO 73412 --- [    Test worker] org.moditect.jfrunit.JfrEvents           : Stop recording: /Users/gunnar/Development/moditect/jfrunit-examples/examples/spring-jooq-gradle/build/classes/java/jfrunit/org.moditect.jfrunit.demos.spring_jooq.SpringJooqGradleApplicationTests-createUser.jfr
2022-02-11 18:34:18.903  INFO 73412 --- [    Test worker] org.moditect.jfrunit.JfrEvents           : Starting recording
2022-02-11 18:34:19.818  INFO 73412 --- [    Test worker] org.moditect.jfrunit.JfrEvents           : Event stream started
2022-02-11 18:34:23.896  INFO 73412 --- [    Test worker] org.moditect.jfrunit.JfrEvents           : Stop recording: /Users/gunnar/Development/moditect/jfrunit-examples/examples/spring-jooq-gradle/build/classes/java/jfrunit/org.moditect.jfrunit.demos.spring_jooq.SpringJooqGradleApplicationTests-createAndFindUser.jfr
]]></system-out>
  <system-err><![CDATA[]]></system-err>
</testsuite>
